ARM GAS  /tmp/ccmdzEOD.s 			page 1


   1              		.cpu cortex-m0
   2              		.arch armv6s-m
   3              		.fpu softvfp
   4              		.eabi_attribute 20, 1
   5              		.eabi_attribute 21, 1
   6              		.eabi_attribute 23, 3
   7              		.eabi_attribute 24, 1
   8              		.eabi_attribute 25, 1
   9              		.eabi_attribute 26, 1
  10              		.eabi_attribute 30, 1
  11              		.eabi_attribute 34, 0
  12              		.eabi_attribute 18, 4
  13              		.file	"gpio.c"
  14              		.text
  15              	.Ltext0:
  16              		.cfi_sections	.debug_frame
  17              		.file 1 "Core/Src/gpio.c"
  18              		.section	.text.MX_GPIO_Init,"ax",%progbits
  19              		.align	1
  20              		.global	MX_GPIO_Init
  21              		.syntax unified
  22              		.code	16
  23              		.thumb_func
  25              	MX_GPIO_Init:
  26              	.LFB40:
   1:Core/Src/gpio.c **** /* USER CODE BEGIN Header */
   2:Core/Src/gpio.c **** /**
   3:Core/Src/gpio.c ****   ******************************************************************************
   4:Core/Src/gpio.c ****   * @file    gpio.c
   5:Core/Src/gpio.c ****   * @brief   This file provides code for the configuration
   6:Core/Src/gpio.c ****   *          of all used GPIO pins.
   7:Core/Src/gpio.c ****   ******************************************************************************
   8:Core/Src/gpio.c ****   * @attention
   9:Core/Src/gpio.c ****   *
  10:Core/Src/gpio.c ****   * Copyright (c) 2024 STMicroelectronics.
  11:Core/Src/gpio.c ****   * All rights reserved.
  12:Core/Src/gpio.c ****   *
  13:Core/Src/gpio.c ****   * This software is licensed under terms that can be found in the LICENSE file
  14:Core/Src/gpio.c ****   * in the root directory of this software component.
  15:Core/Src/gpio.c ****   * If no LICENSE file comes with this software, it is provided AS-IS.
  16:Core/Src/gpio.c ****   *
  17:Core/Src/gpio.c ****   ******************************************************************************
  18:Core/Src/gpio.c ****   */
  19:Core/Src/gpio.c **** /* USER CODE END Header */
  20:Core/Src/gpio.c **** 
  21:Core/Src/gpio.c **** /* Includes ------------------------------------------------------------------*/
  22:Core/Src/gpio.c **** #include "gpio.h"
  23:Core/Src/gpio.c **** 
  24:Core/Src/gpio.c **** /* USER CODE BEGIN 0 */
  25:Core/Src/gpio.c **** 
  26:Core/Src/gpio.c **** /* USER CODE END 0 */
  27:Core/Src/gpio.c **** 
  28:Core/Src/gpio.c **** /*----------------------------------------------------------------------------*/
  29:Core/Src/gpio.c **** /* Configure GPIO                                                             */
  30:Core/Src/gpio.c **** /*----------------------------------------------------------------------------*/
  31:Core/Src/gpio.c **** /* USER CODE BEGIN 1 */
  32:Core/Src/gpio.c **** 
ARM GAS  /tmp/ccmdzEOD.s 			page 2


  33:Core/Src/gpio.c **** /* USER CODE END 1 */
  34:Core/Src/gpio.c **** 
  35:Core/Src/gpio.c **** /** Configure pins
  36:Core/Src/gpio.c **** */
  37:Core/Src/gpio.c **** void MX_GPIO_Init(void)
  38:Core/Src/gpio.c **** {
  27              		.loc 1 38 1 view -0
  28              		.cfi_startproc
  29              		@ args = 0, pretend = 0, frame = 32
  30              		@ frame_needed = 0, uses_anonymous_args = 0
  31 0000 F0B5     		push	{r4, r5, r6, r7, lr}
  32              	.LCFI0:
  33              		.cfi_def_cfa_offset 20
  34              		.cfi_offset 4, -20
  35              		.cfi_offset 5, -16
  36              		.cfi_offset 6, -12
  37              		.cfi_offset 7, -8
  38              		.cfi_offset 14, -4
  39 0002 CE46     		mov	lr, r9
  40 0004 4746     		mov	r7, r8
  41 0006 80B5     		push	{r7, lr}
  42              	.LCFI1:
  43              		.cfi_def_cfa_offset 28
  44              		.cfi_offset 8, -28
  45              		.cfi_offset 9, -24
  46 0008 89B0     		sub	sp, sp, #36
  47              	.LCFI2:
  48              		.cfi_def_cfa_offset 64
  39:Core/Src/gpio.c **** 
  40:Core/Src/gpio.c ****   GPIO_InitTypeDef GPIO_InitStruct = {0};
  49              		.loc 1 40 3 view .LVU1
  50              		.loc 1 40 20 is_stmt 0 view .LVU2
  51 000a 03AC     		add	r4, sp, #12
  52 000c 1422     		movs	r2, #20
  53 000e 0021     		movs	r1, #0
  54 0010 2000     		movs	r0, r4
  55 0012 FFF7FEFF 		bl	memset
  56              	.LVL0:
  41:Core/Src/gpio.c **** 
  42:Core/Src/gpio.c ****   /* GPIO Ports Clock Enable */
  43:Core/Src/gpio.c ****   __HAL_RCC_GPIOA_CLK_ENABLE();
  57              		.loc 1 43 3 is_stmt 1 view .LVU3
  58              	.LBB2:
  59              		.loc 1 43 3 view .LVU4
  60              		.loc 1 43 3 view .LVU5
  61 0016 1E4B     		ldr	r3, .L2
  62 0018 5A69     		ldr	r2, [r3, #20]
  63 001a 8021     		movs	r1, #128
  64 001c 8902     		lsls	r1, r1, #10
  65 001e 0A43     		orrs	r2, r1
  66 0020 5A61     		str	r2, [r3, #20]
  67              		.loc 1 43 3 view .LVU6
  68 0022 5A69     		ldr	r2, [r3, #20]
  69 0024 0A40     		ands	r2, r1
  70 0026 0192     		str	r2, [sp, #4]
  71              		.loc 1 43 3 view .LVU7
  72 0028 019A     		ldr	r2, [sp, #4]
ARM GAS  /tmp/ccmdzEOD.s 			page 3


  73              	.LBE2:
  74              		.loc 1 43 3 view .LVU8
  44:Core/Src/gpio.c ****   __HAL_RCC_GPIOB_CLK_ENABLE();
  75              		.loc 1 44 3 view .LVU9
  76              	.LBB3:
  77              		.loc 1 44 3 view .LVU10
  78              		.loc 1 44 3 view .LVU11
  79 002a 5A69     		ldr	r2, [r3, #20]
  80 002c 8021     		movs	r1, #128
  81 002e C902     		lsls	r1, r1, #11
  82 0030 0A43     		orrs	r2, r1
  83 0032 5A61     		str	r2, [r3, #20]
  84              		.loc 1 44 3 view .LVU12
  85 0034 5B69     		ldr	r3, [r3, #20]
  86 0036 0B40     		ands	r3, r1
  87 0038 0293     		str	r3, [sp, #8]
  88              		.loc 1 44 3 view .LVU13
  89 003a 029B     		ldr	r3, [sp, #8]
  90              	.LBE3:
  91              		.loc 1 44 3 view .LVU14
  45:Core/Src/gpio.c **** 
  46:Core/Src/gpio.c ****   /*Configure GPIO pin Output Level */
  47:Core/Src/gpio.c ****   HAL_GPIO_WritePin(GPIOA, GPIO_PIN_2, GPIO_PIN_SET);
  92              		.loc 1 47 3 view .LVU15
  93 003c 9023     		movs	r3, #144
  94 003e DB05     		lsls	r3, r3, #23
  95 0040 9946     		mov	r9, r3
  96 0042 0122     		movs	r2, #1
  97 0044 0421     		movs	r1, #4
  98 0046 1800     		movs	r0, r3
  99 0048 FFF7FEFF 		bl	HAL_GPIO_WritePin
 100              	.LVL1:
  48:Core/Src/gpio.c **** 
  49:Core/Src/gpio.c ****   /*Configure GPIO pin Output Level */
  50:Core/Src/gpio.c ****   HAL_GPIO_WritePin(GPIOB, GPIO_PIN_3, GPIO_PIN_SET);
 101              		.loc 1 50 3 view .LVU16
 102 004c 114D     		ldr	r5, .L2+4
 103 004e 0122     		movs	r2, #1
 104 0050 0821     		movs	r1, #8
 105 0052 2800     		movs	r0, r5
 106 0054 FFF7FEFF 		bl	HAL_GPIO_WritePin
 107              	.LVL2:
  51:Core/Src/gpio.c **** 
  52:Core/Src/gpio.c ****   /*Configure GPIO pin : PA2 */
  53:Core/Src/gpio.c ****   GPIO_InitStruct.Pin = GPIO_PIN_2;
 108              		.loc 1 53 3 view .LVU17
 109              		.loc 1 53 23 is_stmt 0 view .LVU18
 110 0058 0423     		movs	r3, #4
 111 005a 0393     		str	r3, [sp, #12]
  54:Core/Src/gpio.c ****   GPIO_InitStruct.Mode = GPIO_MODE_OUTPUT_PP;
 112              		.loc 1 54 3 is_stmt 1 view .LVU19
 113              		.loc 1 54 24 is_stmt 0 view .LVU20
 114 005c 033B     		subs	r3, r3, #3
 115 005e 9846     		mov	r8, r3
 116 0060 0493     		str	r3, [sp, #16]
  55:Core/Src/gpio.c ****   GPIO_InitStruct.Pull = GPIO_NOPULL;
 117              		.loc 1 55 3 is_stmt 1 view .LVU21
ARM GAS  /tmp/ccmdzEOD.s 			page 4


 118              		.loc 1 55 24 is_stmt 0 view .LVU22
 119 0062 0027     		movs	r7, #0
 120 0064 0597     		str	r7, [sp, #20]
  56:Core/Src/gpio.c ****   GPIO_InitStruct.Speed = GPIO_SPEED_FREQ_HIGH;
 121              		.loc 1 56 3 is_stmt 1 view .LVU23
 122              		.loc 1 56 25 is_stmt 0 view .LVU24
 123 0066 0326     		movs	r6, #3
 124 0068 0696     		str	r6, [sp, #24]
  57:Core/Src/gpio.c ****   HAL_GPIO_Init(GPIOA, &GPIO_InitStruct);
 125              		.loc 1 57 3 is_stmt 1 view .LVU25
 126 006a 2100     		movs	r1, r4
 127 006c 4846     		mov	r0, r9
 128 006e FFF7FEFF 		bl	HAL_GPIO_Init
 129              	.LVL3:
  58:Core/Src/gpio.c **** 
  59:Core/Src/gpio.c ****   /*Configure GPIO pin : PB3 */
  60:Core/Src/gpio.c ****   GPIO_InitStruct.Pin = GPIO_PIN_3;
 130              		.loc 1 60 3 view .LVU26
 131              		.loc 1 60 23 is_stmt 0 view .LVU27
 132 0072 0823     		movs	r3, #8
 133 0074 0393     		str	r3, [sp, #12]
  61:Core/Src/gpio.c ****   GPIO_InitStruct.Mode = GPIO_MODE_OUTPUT_PP;
 134              		.loc 1 61 3 is_stmt 1 view .LVU28
 135              		.loc 1 61 24 is_stmt 0 view .LVU29
 136 0076 4346     		mov	r3, r8
 137 0078 0493     		str	r3, [sp, #16]
  62:Core/Src/gpio.c ****   GPIO_InitStruct.Pull = GPIO_NOPULL;
 138              		.loc 1 62 3 is_stmt 1 view .LVU30
 139              		.loc 1 62 24 is_stmt 0 view .LVU31
 140 007a 0597     		str	r7, [sp, #20]
  63:Core/Src/gpio.c ****   GPIO_InitStruct.Speed = GPIO_SPEED_FREQ_HIGH;
 141              		.loc 1 63 3 is_stmt 1 view .LVU32
 142              		.loc 1 63 25 is_stmt 0 view .LVU33
 143 007c 0696     		str	r6, [sp, #24]
  64:Core/Src/gpio.c ****   HAL_GPIO_Init(GPIOB, &GPIO_InitStruct);
 144              		.loc 1 64 3 is_stmt 1 view .LVU34
 145 007e 2100     		movs	r1, r4
 146 0080 2800     		movs	r0, r5
 147 0082 FFF7FEFF 		bl	HAL_GPIO_Init
 148              	.LVL4:
  65:Core/Src/gpio.c **** 
  66:Core/Src/gpio.c **** }
 149              		.loc 1 66 1 is_stmt 0 view .LVU35
 150 0086 09B0     		add	sp, sp, #36
 151              		@ sp needed
 152 0088 C0BC     		pop	{r6, r7}
 153 008a B946     		mov	r9, r7
 154 008c B046     		mov	r8, r6
 155 008e F0BD     		pop	{r4, r5, r6, r7, pc}
 156              	.L3:
 157              		.align	2
 158              	.L2:
 159 0090 00100240 		.word	1073876992
 160 0094 00040048 		.word	1207960576
 161              		.cfi_endproc
 162              	.LFE40:
 164              		.text
ARM GAS  /tmp/ccmdzEOD.s 			page 5


 165              	.Letext0:
 166              		.file 2 "/usr/arm-none-eabi/include/machine/_default_types.h"
 167              		.file 3 "/usr/arm-none-eabi/include/sys/_stdint.h"
 168              		.file 4 "Drivers/CMSIS/Device/ST/STM32F0xx/Include/stm32f042x6.h"
 169              		.file 5 "Drivers/STM32F0xx_HAL_Driver/Inc/stm32f0xx_hal_gpio.h"
 170              		.file 6 "<built-in>"
ARM GAS  /tmp/ccmdzEOD.s 			page 6


DEFINED SYMBOLS
                            *ABS*:00000000 gpio.c
     /tmp/ccmdzEOD.s:19     .text.MX_GPIO_Init:00000000 $t
     /tmp/ccmdzEOD.s:25     .text.MX_GPIO_Init:00000000 MX_GPIO_Init
     /tmp/ccmdzEOD.s:159    .text.MX_GPIO_Init:00000090 $d

UNDEFINED SYMBOLS
memset
HAL_GPIO_WritePin
HAL_GPIO_Init
